[ 2018-08-31T17:24:49+08:00 ][ sql ] [ DB ] CONNECT:[ UseTime:0.002524s ] mysql:host=127.0.0.1;dbname=xshop;charset=utf8
[ 2018-08-31T17:24:49+08:00 ][ sql ] [ SQL ] SHOW TABLE STATUS LIKE 'goods' [ RunTime:0.001404s ]
[ 2018-08-31T17:24:49+08:00 ][ sql ] [ SQL ] SELECT * FROM `information_schema`.`columns` WHERE TABLE_SCHEMA = 'xshop' AND table_name = 'goods' ORDER BY ORDINAL_POSITION [ RunTime:0.001714s ]
[ 2018-08-31T17:24:56+08:00 ][ sql ] [ DB ] CONNECT:[ UseTime:0.002148s ] mysql:host=127.0.0.1;dbname=xshop;charset=utf8
[ 2018-08-31T17:24:56+08:00 ][ sql ] [ SQL ] SHOW COLUMNS FROM `auth_rule` [ RunTime:0.002877s ]
[ 2018-08-31T17:24:56+08:00 ][ sql ] [ SQL ] SELECT * FROM `auth_rule` WHERE  `name` = 'goods' LIMIT 1 [ RunTime:0.000482s ]
[ 2018-08-31T17:24:56+08:00 ][ sql ] [ SQL ] INSERT INTO `auth_rule` (`pid` , `name` , `title` , `icon` , `remark` , `ismenu` , `status` , `createtime` , `updatetime`) VALUES (0 , 'goods' , '商品管理' , 'fa fa-circle-o' , '' , 1 , 'normal' , 1535707496 , 1535707496) [ RunTime:0.000394s ]
[ 2018-08-31T17:24:56+08:00 ][ sql ] [ SQL ] SELECT `id` FROM `auth_rule` WHERE  `name` = 'goods/index' LIMIT 1 [ RunTime:0.000352s ]
[ 2018-08-31T17:24:56+08:00 ][ sql ] [ SQL ] SELECT `id` FROM `auth_rule` WHERE  `name` = 'goods/add' LIMIT 1 [ RunTime:0.000330s ]
[ 2018-08-31T17:24:56+08:00 ][ sql ] [ SQL ] SELECT `id` FROM `auth_rule` WHERE  `name` = 'goods/edit' LIMIT 1 [ RunTime:0.000256s ]
[ 2018-08-31T17:24:56+08:00 ][ sql ] [ SQL ] SELECT `id` FROM `auth_rule` WHERE  `name` = 'goods/del' LIMIT 1 [ RunTime:0.000224s ]
[ 2018-08-31T17:24:56+08:00 ][ sql ] [ SQL ] SELECT `id` FROM `auth_rule` WHERE  `name` = 'goods/multi' LIMIT 1 [ RunTime:0.000361s ]
[ 2018-08-31T17:24:56+08:00 ][ sql ] [ SQL ] INSERT INTO `auth_rule` (`id` , `pid` , `name` , `icon` , `title` , `ismenu` , `status` , `createtime` , `updatetime`) VALUES (NULL , 85 , 'goods/index' , 'fa fa-circle-o' , '查看' , 0 , 'normal' , 1535707496 , 1535707496) [ RunTime:0.000424s ]
[ 2018-08-31T17:24:56+08:00 ][ sql ] [ SQL ] INSERT INTO `auth_rule` (`id` , `pid` , `name` , `icon` , `title` , `ismenu` , `status` , `createtime` , `updatetime`) VALUES (NULL , 85 , 'goods/add' , 'fa fa-circle-o' , '添加' , 0 , 'normal' , 1535707496 , 1535707496) [ RunTime:0.000132s ]
[ 2018-08-31T17:24:56+08:00 ][ sql ] [ SQL ] INSERT INTO `auth_rule` (`id` , `pid` , `name` , `icon` , `title` , `ismenu` , `status` , `createtime` , `updatetime`) VALUES (NULL , 85 , 'goods/edit' , 'fa fa-circle-o' , '编辑' , 0 , 'normal' , 1535707496 , 1535707496) [ RunTime:0.000225s ]
[ 2018-08-31T17:24:56+08:00 ][ sql ] [ SQL ] INSERT INTO `auth_rule` (`id` , `pid` , `name` , `icon` , `title` , `ismenu` , `status` , `createtime` , `updatetime`) VALUES (NULL , 85 , 'goods/del' , 'fa fa-circle-o' , '删除' , 0 , 'normal' , 1535707496 , 1535707496) [ RunTime:0.000132s ]
[ 2018-08-31T17:24:56+08:00 ][ sql ] [ SQL ] INSERT INTO `auth_rule` (`id` , `pid` , `name` , `icon` , `title` , `ismenu` , `status` , `createtime` , `updatetime`) VALUES (NULL , 85 , 'goods/multi' , 'fa fa-circle-o' , '批量更新' , 0 , 'normal' , 1535707496 , 1535707496) [ RunTime:0.000224s ]
[ 2018-08-31T17:31:02+08:00 ][ sql ] [ DB ] CONNECT:[ UseTime:0.003146s ] mysql:host=127.0.0.1;dbname=xshop;charset=utf8
[ 2018-08-31T17:31:02+08:00 ][ sql ] [ SQL ] SHOW COLUMNS FROM `auth_rule` [ RunTime:0.001350s ]
[ 2018-08-31T17:31:02+08:00 ][ sql ] [ SQL ] SELECT * FROM `auth_rule` WHERE  (  `name` LIKE 'goods%' ) [ RunTime:0.000794s ]
[ 2018-08-31T17:31:06+08:00 ][ sql ] [ SQL ] SELECT * FROM `auth_rule` WHERE  `id` IN (85,87,89,88,86,90) [ RunTime:0.000604s ]
[ 2018-08-31T17:31:06+08:00 ][ sql ] [ SQL ] DELETE FROM `auth_rule`    WHERE  `id` = 85 [ RunTime:0.000338s ]
[ 2018-08-31T17:31:06+08:00 ][ sql ] [ SQL ] DELETE FROM `auth_rule`    WHERE  `id` = 86 [ RunTime:0.000358s ]
[ 2018-08-31T17:31:06+08:00 ][ sql ] [ SQL ] DELETE FROM `auth_rule`    WHERE  `id` = 87 [ RunTime:0.000196s ]
[ 2018-08-31T17:31:06+08:00 ][ sql ] [ SQL ] DELETE FROM `auth_rule`    WHERE  `id` = 88 [ RunTime:0.000283s ]
[ 2018-08-31T17:31:06+08:00 ][ sql ] [ SQL ] DELETE FROM `auth_rule`    WHERE  `id` = 89 [ RunTime:0.000162s ]
[ 2018-08-31T17:31:06+08:00 ][ sql ] [ SQL ] DELETE FROM `auth_rule`    WHERE  `id` = 90 [ RunTime:0.000159s ]
[ 2018-08-31T17:31:11+08:00 ][ sql ] [ DB ] CONNECT:[ UseTime:0.002474s ] mysql:host=127.0.0.1;dbname=xshop;charset=utf8
[ 2018-08-31T17:31:11+08:00 ][ sql ] [ SQL ] SHOW TABLE STATUS LIKE 'goods' [ RunTime:0.003053s ]
[ 2018-08-31T17:31:16+08:00 ][ sql ] [ DB ] CONNECT:[ UseTime:0.001960s ] mysql:host=127.0.0.1;dbname=xshop;charset=utf8
[ 2018-08-31T17:31:16+08:00 ][ sql ] [ SQL ] SHOW TABLE STATUS LIKE 'goods' [ RunTime:0.003414s ]
[ 2018-08-31T17:31:16+08:00 ][ sql ] [ SQL ] SELECT * FROM `information_schema`.`columns` WHERE TABLE_SCHEMA = 'xshop' AND table_name = 'goods' ORDER BY ORDINAL_POSITION [ RunTime:0.001613s ]
[ 2018-08-31T17:31:20+08:00 ][ sql ] [ DB ] CONNECT:[ UseTime:0.002365s ] mysql:host=127.0.0.1;dbname=xshop;charset=utf8
[ 2018-08-31T17:31:20+08:00 ][ sql ] [ SQL ] SHOW COLUMNS FROM `auth_rule` [ RunTime:0.001157s ]
[ 2018-08-31T17:31:20+08:00 ][ sql ] [ SQL ] SELECT * FROM `auth_rule` WHERE  `name` = 'goods' LIMIT 1 [ RunTime:0.000564s ]
[ 2018-08-31T17:31:20+08:00 ][ sql ] [ SQL ] INSERT INTO `auth_rule` (`pid` , `name` , `title` , `icon` , `remark` , `ismenu` , `status` , `createtime` , `updatetime`) VALUES (0 , 'goods' , '商品管理' , 'fa fa-circle-o' , '' , 1 , 'normal' , 1535707880 , 1535707880) [ RunTime:0.000659s ]
[ 2018-08-31T17:31:20+08:00 ][ sql ] [ SQL ] SELECT `id` FROM `auth_rule` WHERE  `name` = 'goods/index' LIMIT 1 [ RunTime:0.000443s ]
[ 2018-08-31T17:31:20+08:00 ][ sql ] [ SQL ] SELECT `id` FROM `auth_rule` WHERE  `name` = 'goods/add' LIMIT 1 [ RunTime:0.000319s ]
[ 2018-08-31T17:31:20+08:00 ][ sql ] [ SQL ] SELECT `id` FROM `auth_rule` WHERE  `name` = 'goods/edit' LIMIT 1 [ RunTime:0.000327s ]
[ 2018-08-31T17:31:20+08:00 ][ sql ] [ SQL ] SELECT `id` FROM `auth_rule` WHERE  `name` = 'goods/del' LIMIT 1 [ RunTime:0.000316s ]
[ 2018-08-31T17:31:20+08:00 ][ sql ] [ SQL ] SELECT `id` FROM `auth_rule` WHERE  `name` = 'goods/multi' LIMIT 1 [ RunTime:0.000327s ]
[ 2018-08-31T17:31:20+08:00 ][ sql ] [ SQL ] INSERT INTO `auth_rule` (`id` , `pid` , `name` , `icon` , `title` , `ismenu` , `status` , `createtime` , `updatetime`) VALUES (NULL , 91 , 'goods/index' , 'fa fa-circle-o' , '查看' , 0 , 'normal' , 1535707880 , 1535707880) [ RunTime:0.000441s ]
[ 2018-08-31T17:31:20+08:00 ][ sql ] [ SQL ] INSERT INTO `auth_rule` (`id` , `pid` , `name` , `icon` , `title` , `ismenu` , `status` , `createtime` , `updatetime`) VALUES (NULL , 91 , 'goods/add' , 'fa fa-circle-o' , '添加' , 0 , 'normal' , 1535707880 , 1535707880) [ RunTime:0.000221s ]
[ 2018-08-31T17:31:20+08:00 ][ sql ] [ SQL ] INSERT INTO `auth_rule` (`id` , `pid` , `name` , `icon` , `title` , `ismenu` , `status` , `createtime` , `updatetime`) VALUES (NULL , 91 , 'goods/edit' , 'fa fa-circle-o' , '编辑' , 0 , 'normal' , 1535707880 , 1535707880) [ RunTime:0.000214s ]
[ 2018-08-31T17:31:20+08:00 ][ sql ] [ SQL ] INSERT INTO `auth_rule` (`id` , `pid` , `name` , `icon` , `title` , `ismenu` , `status` , `createtime` , `updatetime`) VALUES (NULL , 91 , 'goods/del' , 'fa fa-circle-o' , '删除' , 0 , 'normal' , 1535707880 , 1535707880) [ RunTime:0.000213s ]
[ 2018-08-31T17:31:20+08:00 ][ sql ] [ SQL ] INSERT INTO `auth_rule` (`id` , `pid` , `name` , `icon` , `title` , `ismenu` , `status` , `createtime` , `updatetime`) VALUES (NULL , 91 , 'goods/multi' , 'fa fa-circle-o' , '批量更新' , 0 , 'normal' , 1535707880 , 1535707880) [ RunTime:0.000217s ]
